<?xml version="1.0" encoding="UTF-8"?>
<coverage generated="1784362557436" clover="3.2.0">
  <project timestamp="1784362557437" name="All files">
    <metrics statements="62" coveredstatements="60" conditionals="28" coveredconditionals="22" methods="20" coveredmethods="19" elements="110" coveredelements="101" complexity="0" loc="62" ncloc="62" packages="2" files="6" classes="6"/>
    <package name="src">
      <metrics statements="50" coveredstatements="48" conditionals="24" coveredconditionals="19" methods="14" coveredmethods="13"/>
      <file name="App.css" path="C:\Users\anupo\.gemini\antigravity\scratch\fifa-genai-assistant\src\App.css">
        <metrics statements="0" coveredstatements="0" conditionals="0" coveredconditionals="0" methods="0" coveredmethods="0"/>
      </file>
      <file name="App.tsx" path="C:\Users\anupo\.gemini\antigravity\scratch\fifa-genai-assistant\src\App.tsx">
        <metrics statements="26" coveredstatements="26" conditionals="16" coveredconditionals="13" methods="11" coveredmethods="10"/>
        <line num="18" count="11" type="stmt"/>
        <line num="21" count="11" type="stmt"/>
        <line num="22" count="11" type="stmt"/>
        <line num="23" count="11" type="stmt"/>
        <line num="28" count="11" type="stmt"/>
        <line num="29" count="8" type="stmt"/>
        <line num="32" count="11" type="stmt"/>
        <line num="33" count="8" type="stmt"/>
        <line num="40" count="11" type="stmt"/>
        <line num="41" count="2" type="cond" truecount="3" falsecount="1"/>
        <line num="43" count="2" type="stmt"/>
        <line num="44" count="2" type="stmt"/>
        <line num="46" count="2" type="stmt"/>
        <line num="51" count="2" type="stmt"/>
        <line num="53" count="2" type="stmt"/>
        <line num="54" count="2" type="stmt"/>
        <line num="57" count="11" type="stmt"/>
        <line num="58" count="2" type="stmt"/>
        <line num="59" count="2" type="stmt"/>
        <line num="62" count="11" type="stmt"/>
        <line num="63" count="2" type="cond" truecount="4" falsecount="0"/>
        <line num="64" count="1" type="stmt"/>
        <line num="65" count="1" type="stmt"/>
        <line num="69" count="11" type="stmt"/>
        <line num="80" count="17" type="stmt"/>
        <line num="106" count="3" type="stmt"/>
      </file>
      <file name="geminiService.ts" path="C:\Users\anupo\.gemini\antigravity\scratch\fifa-genai-assistant\src\geminiService.ts">
        <metrics statements="24" coveredstatements="22" conditionals="8" coveredconditionals="6" methods="3" coveredmethods="3"/>
        <line num="6" count="1" type="stmt"/>
        <line num="17" count="1" type="stmt"/>
        <line num="23" count="5" type="stmt"/>
        <line num="31" count="5" type="stmt"/>
        <line num="32" count="5" type="stmt"/>
        <line num="33" count="5" type="cond" truecount="2" falsecount="0"/>
        <line num="34" count="2" type="stmt"/>
        <line num="35" count="2" type="stmt"/>
        <line num="37" count="3" type="stmt"/>
        <line num="38" count="3" type="stmt"/>
        <line num="40" count="0" type="stmt"/>
        <line num="41" count="0" type="stmt"/>
        <line num="52" count="3" type="cond" truecount="1" falsecount="1"/>
        <line num="53" count="3" type="stmt"/>
        <line num="54" count="3" type="cond" truecount="2" falsecount="0"/>
        <line num="55" count="1" type="stmt"/>
        <line num="59" count="2" type="stmt"/>
        <line num="60" count="2" type="stmt"/>
        <line num="61" count="2" type="stmt"/>
        <line num="69" count="2" type="stmt"/>
        <line num="70" count="1" type="stmt"/>
        <line num="71" count="1" type="stmt"/>
        <line num="73" count="1" type="stmt"/>
        <line num="74" count="1" type="cond" truecount="1" falsecount="1"/>
      </file>
    </package>
    <package name="src.components">
      <metrics statements="12" coveredstatements="12" conditionals="4" coveredconditionals="3" methods="6" coveredmethods="6"/>
      <file name="MessageBubble.tsx" path="C:\Users\anupo\.gemini\antigravity\scratch\fifa-genai-assistant\src\components\MessageBubble.tsx">
        <metrics statements="6" coveredstatements="6" conditionals="4" coveredconditionals="3" methods="3" coveredmethods="3"/>
        <line num="13" count="1" type="stmt"/>
        <line num="14" count="10" type="stmt"/>
        <line num="15" count="10" type="stmt"/>
        <line num="16" count="10" type="stmt"/>
        <line num="23" count="10" type="stmt"/>
        <line num="35" count="1" type="stmt"/>
      </file>
      <file name="QuickActions.css" path="C:\Users\anupo\.gemini\antigravity\scratch\fifa-genai-assistant\src\components\QuickActions.css">
        <metrics statements="0" coveredstatements="0" conditionals="0" coveredconditionals="0" methods="0" coveredmethods="0"/>
      </file>
      <file name="QuickActions.tsx" path="C:\Users\anupo\.gemini\antigravity\scratch\fifa-genai-assistant\src\components\QuickActions.tsx">
        <metrics statements="6" coveredstatements="6" conditionals="0" coveredconditionals="0" methods="3" coveredmethods="3"/>
        <line num="9" count="2" type="stmt"/>
        <line num="19" count="2" type="stmt"/>
        <line num="20" count="11" type="stmt"/>
        <line num="23" count="44" type="stmt"/>
        <line num="26" count="1" type="stmt"/>
        <line num="37" count="2" type="stmt"/>
      </file>
    </package>
  </project>
</coverage>
