<?xml version="1.0" encoding="UTF-8"?>
<coverage generated="1784038902777" clover="3.2.0">
  <project timestamp="1784038902778" name="All files">
    <metrics statements="61" coveredstatements="51" conditionals="28" coveredconditionals="15" methods="19" coveredmethods="17" elements="108" coveredelements="83" complexity="0" loc="61" ncloc="61" packages="2" files="6" classes="6"/>
    <package name="src">
      <metrics statements="49" coveredstatements="39" conditionals="24" coveredconditionals="12" methods="13" coveredmethods="11"/>
      <file name="App.css" path="C:\Users\anupo\.gemini\antigravity\scratch\fifa-genai-assistant\src\App.css">
        <metrics statements="0" coveredstatements="0" conditionals="0" coveredconditionals="0" methods="0" coveredmethods="0"/>
      </file>
      <file name="App.tsx" path="C:\Users\anupo\.gemini\antigravity\scratch\fifa-genai-assistant\src\App.tsx">
        <metrics statements="26" coveredstatements="23" conditionals="16" coveredconditionals="9" methods="11" coveredmethods="9"/>
        <line num="18" count="5" type="stmt"/>
        <line num="21" count="5" type="stmt"/>
        <line num="22" count="5" type="stmt"/>
        <line num="23" count="5" type="stmt"/>
        <line num="28" count="5" type="stmt"/>
        <line num="29" count="4" type="stmt"/>
        <line num="32" count="5" type="stmt"/>
        <line num="33" count="4" type="stmt"/>
        <line num="40" count="5" type="stmt"/>
        <line num="41" count="1" type="cond" truecount="3" falsecount="1"/>
        <line num="43" count="1" type="stmt"/>
        <line num="44" count="1" type="stmt"/>
        <line num="46" count="1" type="stmt"/>
        <line num="51" count="1" type="stmt"/>
        <line num="53" count="1" type="stmt"/>
        <line num="54" count="1" type="stmt"/>
        <line num="57" count="5" type="stmt"/>
        <line num="58" count="1" type="stmt"/>
        <line num="59" count="1" type="stmt"/>
        <line num="62" count="5" type="stmt"/>
        <line num="63" count="0" type="cond" truecount="0" falsecount="4"/>
        <line num="64" count="0" type="stmt"/>
        <line num="65" count="0" type="stmt"/>
        <line num="69" count="5" type="stmt"/>
        <line num="80" count="8" type="stmt"/>
        <line num="106" count="1" type="stmt"/>
      </file>
      <file name="geminiService.ts" path="C:\Users\anupo\.gemini\antigravity\scratch\fifa-genai-assistant\src\geminiService.ts">
        <metrics statements="23" coveredstatements="16" conditionals="8" coveredconditionals="3" methods="2" coveredmethods="2"/>
        <line num="6" count="1" type="stmt"/>
        <line num="17" count="1" type="stmt"/>
        <line num="24" count="2" type="stmt"/>
        <line num="25" count="2" type="stmt"/>
        <line num="26" count="2" type="cond" truecount="2" falsecount="0"/>
        <line num="27" count="1" type="stmt"/>
        <line num="28" count="1" type="stmt"/>
        <line num="30" count="1" type="stmt"/>
        <line num="31" count="1" type="stmt"/>
        <line num="33" count="0" type="stmt"/>
        <line num="34" count="0" type="stmt"/>
        <line num="45" count="1" type="cond" truecount="1" falsecount="1"/>
        <line num="46" count="0" type="stmt"/>
        <line num="47" count="0" type="cond" truecount="0" falsecount="2"/>
        <line num="48" count="0" type="stmt"/>
        <line num="52" count="1" type="stmt"/>
        <line num="53" count="1" type="stmt"/>
        <line num="54" count="1" type="stmt"/>
        <line num="62" count="1" type="stmt"/>
        <line num="63" count="1" type="stmt"/>
        <line num="64" count="1" type="stmt"/>
        <line num="66" count="0" type="stmt"/>
        <line num="67" count="0" type="cond" truecount="0" falsecount="2"/>
      </file>
    </package>
    <package name="src.components">
      <metrics statements="12" coveredstatements="12" conditionals="4" coveredconditionals="3" methods="6" coveredmethods="6"/>
      <file name="MessageBubble.tsx" path="C:\Users\anupo\.gemini\antigravity\scratch\fifa-genai-assistant\src\components\MessageBubble.tsx">
        <metrics statements="6" coveredstatements="6" conditionals="4" coveredconditionals="3" methods="3" coveredmethods="3"/>
        <line num="13" count="1" type="stmt"/>
        <line num="14" count="5" type="stmt"/>
        <line num="15" count="5" type="stmt"/>
        <line num="16" count="5" type="stmt"/>
        <line num="23" count="5" type="stmt"/>
        <line num="35" count="1" type="stmt"/>
      </file>
      <file name="QuickActions.css" path="C:\Users\anupo\.gemini\antigravity\scratch\fifa-genai-assistant\src\components\QuickActions.css">
        <metrics statements="0" coveredstatements="0" conditionals="0" coveredconditionals="0" methods="0" coveredmethods="0"/>
      </file>
      <file name="QuickActions.tsx" path="C:\Users\anupo\.gemini\antigravity\scratch\fifa-genai-assistant\src\components\QuickActions.tsx">
        <metrics statements="6" coveredstatements="6" conditionals="0" coveredconditionals="0" methods="3" coveredmethods="3"/>
        <line num="9" count="2" type="stmt"/>
        <line num="19" count="2" type="stmt"/>
        <line num="20" count="7" type="stmt"/>
        <line num="23" count="28" type="stmt"/>
        <line num="26" count="1" type="stmt"/>
        <line num="37" count="2" type="stmt"/>
      </file>
    </package>
  </project>
</coverage>
