{"C:\\Users\\anupo\\.gemini\\antigravity\\scratch\\fifa-genai-assistant\\src\\App.css": {"path":"C:\\Users\\anupo\\.gemini\\antigravity\\scratch\\fifa-genai-assistant\\src\\App.css","statementMap":{},"fnMap":{},"branchMap":{},"s":{},"f":{},"b":{},"meta":{"lastBranch":0,"lastFunction":0,"lastStatement":0,"seen":{},"fnNames":{}}}
,"C:\\Users\\anupo\\.gemini\\antigravity\\scratch\\fifa-genai-assistant\\src\\App.tsx": {"path":"C:\\Users\\anupo\\.gemini\\antigravity\\scratch\\fifa-genai-assistant\\src\\App.tsx","statementMap":{"0":{"start":{"line":18,"column":34},"end":{"line":20,"column":null}},"1":{"start":{"line":21,"column":28},"end":{"line":21,"column":null}},"2":{"start":{"line":22,"column":36},"end":{"line":22,"column":null}},"3":{"start":{"line":23,"column":25},"end":{"line":23,"column":null}},"4":{"start":{"line":28,"column":25},"end":{"line":30,"column":null}},"5":{"start":{"line":29,"column":4},"end":{"line":29,"column":null}},"6":{"start":{"line":32,"column":2},"end":{"line":34,"column":null}},"7":{"start":{"line":33,"column":4},"end":{"line":33,"column":null}},"8":{"start":{"line":40,"column":21},"end":{"line":55,"column":null}},"9":{"start":{"line":41,"column":4},"end":{"line":41,"column":null}},"10":{"start":{"line":41,"column":41},"end":{"line":41,"column":null}},"11":{"start":{"line":43,"column":4},"end":{"line":43,"column":null}},"12":{"start":{"line":43,"column":24},"end":{"line":43,"column":72}},"13":{"start":{"line":44,"column":4},"end":{"line":44,"column":null}},"14":{"start":{"line":46,"column":20},"end":{"line":49,"column":null}},"15":{"start":{"line":46,"column":50},"end":{"line":49,"column":6}},"16":{"start":{"line":51,"column":25},"end":{"line":51,"column":null}},"17":{"start":{"line":53,"column":4},"end":{"line":53,"column":null}},"18":{"start":{"line":53,"column":24},"end":{"line":53,"column":75}},"19":{"start":{"line":54,"column":4},"end":{"line":54,"column":null}},"20":{"start":{"line":57,"column":22},"end":{"line":60,"column":null}},"21":{"start":{"line":58,"column":4},"end":{"line":58,"column":null}},"22":{"start":{"line":59,"column":4},"end":{"line":59,"column":null}},"23":{"start":{"line":62,"column":24},"end":{"line":67,"column":null}},"24":{"start":{"line":63,"column":4},"end":{"line":66,"column":null}},"25":{"start":{"line":64,"column":6},"end":{"line":64,"column":null}},"26":{"start":{"line":65,"column":6},"end":{"line":65,"column":null}},"27":{"start":{"line":69,"column":2},"end":{"line":121,"column":null}},"28":{"start":{"line":80,"column":10},"end":{"line":85,"column":null}},"29":{"start":{"line":106,"column":27},"end":{"line":106,"column":null}}},"fnMap":{"0":{"name":"App","decl":{"start":{"line":17,"column":9},"end":{"line":17,"column":15}},"loc":{"start":{"line":17,"column":15},"end":{"line":123,"column":null}},"line":17},"1":{"name":"(anonymous_1)","decl":{"start":{"line":28,"column":25},"end":{"line":28,"column":43}},"loc":{"start":{"line":28,"column":43},"end":{"line":30,"column":5}},"line":28},"2":{"name":"(anonymous_2)","decl":{"start":{"line":32,"column":2},"end":{"line":32,"column":18}},"loc":{"start":{"line":32,"column":18},"end":{"line":34,"column":5}},"line":32},"3":{"name":"(anonymous_3)","decl":{"start":{"line":40,"column":33},"end":{"line":40,"column":40}},"loc":{"start":{"line":40,"column":63},"end":{"line":55,"column":5}},"line":40},"4":{"name":"(anonymous_4)","decl":{"start":{"line":43,"column":4},"end":{"line":43,"column":16}},"loc":{"start":{"line":43,"column":24},"end":{"line":43,"column":72}},"line":43},"5":{"name":"(anonymous_5)","decl":{"start":{"line":46,"column":38},"end":{"line":46,"column":42}},"loc":{"start":{"line":46,"column":50},"end":{"line":49,"column":6}},"line":46},"6":{"name":"(anonymous_6)","decl":{"start":{"line":53,"column":4},"end":{"line":53,"column":16}},"loc":{"start":{"line":53,"column":24},"end":{"line":53,"column":75}},"line":53},"7":{"name":"(anonymous_7)","decl":{"start":{"line":57,"column":22},"end":{"line":57,"column":40}},"loc":{"start":{"line":57,"column":40},"end":{"line":60,"column":5}},"line":57},"8":{"name":"(anonymous_8)","decl":{"start":{"line":62,"column":24},"end":{"line":62,"column":37}},"loc":{"start":{"line":62,"column":64},"end":{"line":67,"column":5}},"line":62},"9":{"name":"(anonymous_9)","decl":{"start":{"line":79,"column":18},"end":{"line":79,"column":23}},"loc":{"start":{"line":80,"column":10},"end":{"line":85,"column":null}},"line":80},"10":{"name":"(anonymous_10)","decl":{"start":{"line":106,"column":10},"end":{"line":106,"column":21}},"loc":{"start":{"line":106,"column":27},"end":{"line":106,"column":null}},"line":106}},"branchMap":{"0":{"loc":{"start":{"line":41,"column":4},"end":{"line":41,"column":null}},"type":"if","locations":[{"start":{"line":41,"column":4},"end":{"line":41,"column":null}},{"start":{},"end":{}}],"line":41},"1":{"loc":{"start":{"line":41,"column":8},"end":{"line":41,"column":41}},"type":"binary-expr","locations":[{"start":{"line":41,"column":8},"end":{"line":41,"column":30}},{"start":{"line":41,"column":30},"end":{"line":41,"column":41}}],"line":41},"2":{"loc":{"start":{"line":47,"column":12},"end":{"line":47,"column":null}},"type":"cond-expr","locations":[{"start":{"line":47,"column":35},"end":{"line":47,"column":45}},{"start":{"line":47,"column":45},"end":{"line":47,"column":null}}],"line":47},"3":{"loc":{"start":{"line":63,"column":4},"end":{"line":66,"column":null}},"type":"if","locations":[{"start":{"line":63,"column":4},"end":{"line":66,"column":null}},{"start":{},"end":{}}],"line":63},"4":{"loc":{"start":{"line":63,"column":8},"end":{"line":63,"column":42}},"type":"binary-expr","locations":[{"start":{"line":63,"column":8},"end":{"line":63,"column":29}},{"start":{"line":63,"column":29},"end":{"line":63,"column":42}}],"line":63},"5":{"loc":{"start":{"line":84,"column":34},"end":{"line":84,"column":null}},"type":"binary-expr","locations":[{"start":{"line":84,"column":34},"end":{"line":84,"column":58}},{"start":{"line":84,"column":58},"end":{"line":84,"column":null}}],"line":84},"6":{"loc":{"start":{"line":87,"column":9},"end":{"line":92,"column":null}},"type":"binary-expr","locations":[{"start":{"line":87,"column":9},"end":{"line":87,"column":null}},{"start":{"line":88,"column":10},"end":{"line":92,"column":null}}],"line":87},"7":{"loc":{"start":{"line":115,"column":20},"end":{"line":115,"column":null}},"type":"binary-expr","locations":[{"start":{"line":115,"column":20},"end":{"line":115,"column":37}},{"start":{"line":115,"column":37},"end":{"line":115,"column":null}}],"line":115}},"s":{"0":5,"1":5,"2":5,"3":5,"4":5,"5":4,"6":5,"7":4,"8":5,"9":1,"10":0,"11":1,"12":1,"13":1,"14":1,"15":0,"16":1,"17":1,"18":1,"19":1,"20":5,"21":1,"22":1,"23":5,"24":0,"25":0,"26":0,"27":5,"28":8,"29":1},"f":{"0":5,"1":4,"2":4,"3":1,"4":1,"5":0,"6":1,"7":1,"8":0,"9":8,"10":1},"b":{"0":[0,1],"1":[1,1],"2":[0,0],"3":[0,0],"4":[0,0],"5":[8,6],"6":[5,1],"7":[5,1]},"meta":{"lastBranch":8,"lastFunction":11,"lastStatement":30,"seen":{"f:17:9:17:15":0,"s:18:34:20:Infinity":0,"s:21:28:21:Infinity":1,"s:22:36:22:Infinity":2,"s:23:25:23:Infinity":3,"s:28:25:30:Infinity":4,"f:28:25:28:43":1,"s:29:4:29:Infinity":5,"s:32:2:34:Infinity":6,"f:32:2:32:18":2,"s:33:4:33:Infinity":7,"s:40:21:55:Infinity":8,"f:40:33:40:40":3,"b:41:4:41:Infinity:undefined:undefined:undefined:undefined":0,"s:41:4:41:Infinity":9,"b:41:8:41:30:41:30:41:41":1,"s:41:41:41:Infinity":10,"s:43:4:43:Infinity":11,"f:43:4:43:16":4,"s:43:24:43:72":12,"s:44:4:44:Infinity":13,"s:46:20:49:Infinity":14,"f:46:38:46:42":5,"s:46:50:49:6":15,"b:47:35:47:45:47:45:47:Infinity":2,"s:51:25:51:Infinity":16,"s:53:4:53:Infinity":17,"f:53:4:53:16":6,"s:53:24:53:75":18,"s:54:4:54:Infinity":19,"s:57:22:60:Infinity":20,"f:57:22:57:40":7,"s:58:4:58:Infinity":21,"s:59:4:59:Infinity":22,"s:62:24:67:Infinity":23,"f:62:24:62:37":8,"b:63:4:66:Infinity:undefined:undefined:undefined:undefined":3,"s:63:4:66:Infinity":24,"b:63:8:63:29:63:29:63:42":4,"s:64:6:64:Infinity":25,"s:65:6:65:Infinity":26,"s:69:2:121:Infinity":27,"f:79:18:79:23":9,"s:80:10:85:Infinity":28,"b:84:34:84:58:84:58:84:Infinity":5,"b:87:9:87:Infinity:88:10:92:Infinity":6,"f:106:10:106:21":10,"s:106:27:106:Infinity":29,"b:115:20:115:37:115:37:115:Infinity":7},"fnNames":{}}}
,"C:\\Users\\anupo\\.gemini\\antigravity\\scratch\\fifa-genai-assistant\\src\\geminiService.ts": {"path":"C:\\Users\\anupo\\.gemini\\antigravity\\scratch\\fifa-genai-assistant\\src\\geminiService.ts","statementMap":{"0":{"start":{"line":6,"column":27},"end":{"line":6,"column":null}},"1":{"start":{"line":17,"column":39},"end":{"line":17,"column":null}},"2":{"start":{"line":24,"column":2},"end":{"line":35,"column":null}},"3":{"start":{"line":25,"column":19},"end":{"line":25,"column":null}},"4":{"start":{"line":26,"column":4},"end":{"line":29,"column":null}},"5":{"start":{"line":27,"column":6},"end":{"line":27,"column":null}},"6":{"start":{"line":28,"column":6},"end":{"line":28,"column":null}},"7":{"start":{"line":30,"column":4},"end":{"line":30,"column":null}},"8":{"start":{"line":31,"column":4},"end":{"line":31,"column":null}},"9":{"start":{"line":33,"column":4},"end":{"line":33,"column":null}},"10":{"start":{"line":34,"column":4},"end":{"line":34,"column":null}},"11":{"start":{"line":45,"column":2},"end":{"line":50,"column":null}},"12":{"start":{"line":46,"column":24},"end":{"line":46,"column":null}},"13":{"start":{"line":47,"column":4},"end":{"line":49,"column":null}},"14":{"start":{"line":48,"column":6},"end":{"line":48,"column":null}},"15":{"start":{"line":52,"column":2},"end":{"line":68,"column":null}},"16":{"start":{"line":53,"column":18},"end":{"line":53,"column":null}},"17":{"start":{"line":54,"column":17},"end":{"line":60,"column":null}},"18":{"start":{"line":62,"column":19},"end":{"line":62,"column":null}},"19":{"start":{"line":63,"column":21},"end":{"line":63,"column":null}},"20":{"start":{"line":64,"column":4},"end":{"line":64,"column":null}},"21":{"start":{"line":66,"column":4},"end":{"line":66,"column":null}},"22":{"start":{"line":67,"column":4},"end":{"line":67,"column":null}}},"fnMap":{"0":{"name":"initializeGemini","decl":{"start":{"line":23,"column":16},"end":{"line":23,"column":44}},"loc":{"start":{"line":23,"column":44},"end":{"line":36,"column":null}},"line":23},"1":{"name":"generateChatResponse","decl":{"start":{"line":44,"column":22},"end":{"line":44,"column":43}},"loc":{"start":{"line":44,"column":133},"end":{"line":69,"column":null}},"line":44}},"branchMap":{"0":{"loc":{"start":{"line":26,"column":4},"end":{"line":29,"column":null}},"type":"if","locations":[{"start":{"line":26,"column":4},"end":{"line":29,"column":null}},{"start":{},"end":{}}],"line":26},"1":{"loc":{"start":{"line":45,"column":2},"end":{"line":50,"column":null}},"type":"if","locations":[{"start":{"line":45,"column":2},"end":{"line":50,"column":null}},{"start":{},"end":{}}],"line":45},"2":{"loc":{"start":{"line":47,"column":4},"end":{"line":49,"column":null}},"type":"if","locations":[{"start":{"line":47,"column":4},"end":{"line":49,"column":null}},{"start":{},"end":{}}],"line":47},"3":{"loc":{"start":{"line":67,"column":56},"end":{"line":67,"column":null}},"type":"binary-expr","locations":[{"start":{"line":67,"column":56},"end":{"line":67,"column":73}},{"start":{"line":67,"column":73},"end":{"line":67,"column":null}}],"line":67}},"s":{"0":1,"1":1,"2":2,"3":2,"4":2,"5":1,"6":1,"7":1,"8":1,"9":0,"10":0,"11":1,"12":0,"13":0,"14":0,"15":1,"16":1,"17":1,"18":1,"19":1,"20":1,"21":0,"22":0},"f":{"0":2,"1":1},"b":{"0":[1,1],"1":[0,1],"2":[0,0],"3":[0,0]},"meta":{"lastBranch":4,"lastFunction":2,"lastStatement":23,"seen":{"s:6:27:6:Infinity":0,"s:17:39:17:Infinity":1,"f:23:16:23:44":0,"s:24:2:35:Infinity":2,"s:25:19:25:Infinity":3,"b:26:4:29:Infinity:undefined:undefined:undefined:undefined":0,"s:26:4:29:Infinity":4,"s:27:6:27:Infinity":5,"s:28:6:28:Infinity":6,"s:30:4:30:Infinity":7,"s:31:4:31:Infinity":8,"s:33:4:33:Infinity":9,"s:34:4:34:Infinity":10,"f:44:22:44:43":1,"b:45:2:50:Infinity:undefined:undefined:undefined:undefined":1,"s:45:2:50:Infinity":11,"s:46:24:46:Infinity":12,"b:47:4:49:Infinity:undefined:undefined:undefined:undefined":2,"s:47:4:49:Infinity":13,"s:48:6:48:Infinity":14,"s:52:2:68:Infinity":15,"s:53:18:53:Infinity":16,"s:54:17:60:Infinity":17,"s:62:19:62:Infinity":18,"s:63:21:63:Infinity":19,"s:64:4:64:Infinity":20,"s:66:4:66:Infinity":21,"s:67:4:67:Infinity":22,"b:67:56:67:73:67:73:67:Infinity":3},"fnNames":{}}}
,"C:\\Users\\anupo\\.gemini\\antigravity\\scratch\\fifa-genai-assistant\\src\\components\\MessageBubble.tsx": {"path":"C:\\Users\\anupo\\.gemini\\antigravity\\scratch\\fifa-genai-assistant\\src\\components\\MessageBubble.tsx","statementMap":{"0":{"start":{"line":13,"column":46},"end":{"line":33,"column":null}},"1":{"start":{"line":14,"column":8},"end":{"line":21,"column":null}},"2":{"start":{"line":15,"column":4},"end":{"line":20,"column":null}},"3":{"start":{"line":16,"column":6},"end":{"line":19,"column":null}},"4":{"start":{"line":23,"column":2},"end":{"line":31,"column":null}},"5":{"start":{"line":35,"column":0},"end":{"line":35,"column":null}}},"fnMap":{"0":{"name":"(anonymous_0)","decl":{"start":{"line":13,"column":46},"end":{"line":13,"column":52}},"loc":{"start":{"line":13,"column":96},"end":{"line":33,"column":1}},"line":13},"1":{"name":"(anonymous_1)","decl":{"start":{"line":14,"column":8},"end":{"line":14,"column":32}},"loc":{"start":{"line":14,"column":49},"end":{"line":21,"column":null}},"line":14},"2":{"name":"(anonymous_2)","decl":{"start":{"line":15,"column":28},"end":{"line":15,"column":33}},"loc":{"start":{"line":16,"column":6},"end":{"line":19,"column":null}},"line":16}},"branchMap":{"0":{"loc":{"start":{"line":18,"column":9},"end":{"line":19,"column":null}},"type":"binary-expr","locations":[{"start":{"line":18,"column":9},"end":{"line":18,"column":46}},{"start":{"line":18,"column":46},"end":{"line":19,"column":null}}],"line":18},"1":{"loc":{"start":{"line":27,"column":19},"end":{"line":27,"column":null}},"type":"cond-expr","locations":[{"start":{"line":27,"column":42},"end":{"line":27,"column":53}},{"start":{"line":27,"column":53},"end":{"line":27,"column":null}}],"line":27}},"s":{"0":1,"1":5,"2":5,"3":5,"4":5,"5":1},"f":{"0":5,"1":5,"2":5},"b":{"0":[5,0],"1":[3,2]},"meta":{"lastBranch":2,"lastFunction":3,"lastStatement":6,"seen":{"s:13:46:33:Infinity":0,"f:13:46:13:52":0,"s:14:8:21:Infinity":1,"f:14:8:14:32":1,"s:15:4:20:Infinity":2,"f:15:28:15:33":2,"s:16:6:19:Infinity":3,"b:18:9:18:46:18:46:19:Infinity":0,"s:23:2:31:Infinity":4,"b:27:42:27:53:27:53:27:Infinity":1,"s:35:0:35:Infinity":5},"fnNames":{}}}
,"C:\\Users\\anupo\\.gemini\\antigravity\\scratch\\fifa-genai-assistant\\src\\components\\QuickActions.css": {"path":"C:\\Users\\anupo\\.gemini\\antigravity\\scratch\\fifa-genai-assistant\\src\\components\\QuickActions.css","statementMap":{},"fnMap":{},"branchMap":{},"s":{},"f":{},"b":{},"meta":{"lastBranch":0,"lastFunction":0,"lastStatement":0,"seen":{},"fnNames":{}}}
,"C:\\Users\\anupo\\.gemini\\antigravity\\scratch\\fifa-genai-assistant\\src\\components\\QuickActions.tsx": {"path":"C:\\Users\\anupo\\.gemini\\antigravity\\scratch\\fifa-genai-assistant\\src\\components\\QuickActions.tsx","statementMap":{"0":{"start":{"line":9,"column":16},"end":{"line":14,"column":null}},"1":{"start":{"line":19,"column":50},"end":{"line":35,"column":null}},"2":{"start":{"line":20,"column":2},"end":{"line":33,"column":null}},"3":{"start":{"line":23,"column":8},"end":{"line":31,"column":null}},"4":{"start":{"line":26,"column":25},"end":{"line":26,"column":null}},"5":{"start":{"line":37,"column":0},"end":{"line":37,"column":null}}},"fnMap":{"0":{"name":"(anonymous_0)","decl":{"start":{"line":19,"column":50},"end":{"line":19,"column":56}},"loc":{"start":{"line":19,"column":89},"end":{"line":35,"column":1}},"line":19},"1":{"name":"(anonymous_1)","decl":{"start":{"line":22,"column":15},"end":{"line":22,"column":20}},"loc":{"start":{"line":23,"column":8},"end":{"line":31,"column":null}},"line":23},"2":{"name":"(anonymous_2)","decl":{"start":{"line":26,"column":10},"end":{"line":26,"column":25}},"loc":{"start":{"line":26,"column":25},"end":{"line":26,"column":null}},"line":26}},"branchMap":{},"s":{"0":2,"1":2,"2":7,"3":28,"4":1,"5":2},"f":{"0":7,"1":28,"2":1},"b":{},"meta":{"lastBranch":0,"lastFunction":3,"lastStatement":6,"seen":{"s:9:16:14:Infinity":0,"s:19:50:35:Infinity":1,"f:19:50:19:56":0,"s:20:2:33:Infinity":2,"f:22:15:22:20":1,"s:23:8:31:Infinity":3,"f:26:10:26:25":2,"s:26:25:26:Infinity":4,"s:37:0:37:Infinity":5},"fnNames":{}}}
}
