{"C:\\Users\\anupo\\.gemini\\antigravity\\scratch\\fifa-genai-assistant\\src\\App.css": {"path":"C:\\Users\\anupo\\.gemini\\antigravity\\scratch\\fifa-genai-assistant\\src\\App.css","statementMap":{},"fnMap":{},"branchMap":{},"s":{},"f":{},"b":{},"meta":{"lastBranch":0,"lastFunction":0,"lastStatement":0,"seen":{},"fnNames":{}}}
,"C:\\Users\\anupo\\.gemini\\antigravity\\scratch\\fifa-genai-assistant\\src\\App.tsx": {"path":"C:\\Users\\anupo\\.gemini\\antigravity\\scratch\\fifa-genai-assistant\\src\\App.tsx","statementMap":{"0":{"start":{"line":18,"column":34},"end":{"line":20,"column":null}},"1":{"start":{"line":21,"column":28},"end":{"line":21,"column":null}},"2":{"start":{"line":22,"column":36},"end":{"line":22,"column":null}},"3":{"start":{"line":23,"column":25},"end":{"line":23,"column":null}},"4":{"start":{"line":28,"column":25},"end":{"line":30,"column":null}},"5":{"start":{"line":29,"column":4},"end":{"line":29,"column":null}},"6":{"start":{"line":32,"column":2},"end":{"line":34,"column":null}},"7":{"start":{"line":33,"column":4},"end":{"line":33,"column":null}},"8":{"start":{"line":40,"column":21},"end":{"line":55,"column":null}},"9":{"start":{"line":41,"column":4},"end":{"line":41,"column":null}},"10":{"start":{"line":41,"column":41},"end":{"line":41,"column":null}},"11":{"start":{"line":43,"column":4},"end":{"line":43,"column":null}},"12":{"start":{"line":43,"column":24},"end":{"line":43,"column":72}},"13":{"start":{"line":44,"column":4},"end":{"line":44,"column":null}},"14":{"start":{"line":46,"column":20},"end":{"line":49,"column":null}},"15":{"start":{"line":46,"column":50},"end":{"line":49,"column":6}},"16":{"start":{"line":51,"column":25},"end":{"line":51,"column":null}},"17":{"start":{"line":53,"column":4},"end":{"line":53,"column":null}},"18":{"start":{"line":53,"column":24},"end":{"line":53,"column":75}},"19":{"start":{"line":54,"column":4},"end":{"line":54,"column":null}},"20":{"start":{"line":57,"column":22},"end":{"line":60,"column":null}},"21":{"start":{"line":58,"column":4},"end":{"line":58,"column":null}},"22":{"start":{"line":59,"column":4},"end":{"line":59,"column":null}},"23":{"start":{"line":62,"column":24},"end":{"line":67,"column":null}},"24":{"start":{"line":63,"column":4},"end":{"line":66,"column":null}},"25":{"start":{"line":64,"column":6},"end":{"line":64,"column":null}},"26":{"start":{"line":65,"column":6},"end":{"line":65,"column":null}},"27":{"start":{"line":69,"column":38},"end":{"line":69,"column":null}},"28":{"start":{"line":70,"column":42},"end":{"line":70,"column":null}},"29":{"start":{"line":71,"column":46},"end":{"line":71,"column":null}},"30":{"start":{"line":72,"column":34},"end":{"line":72,"column":null}},"31":{"start":{"line":74,"column":2},"end":{"line":80,"column":null}},"32":{"start":{"line":76,"column":16},"end":{"line":76,"column":null}},"33":{"start":{"line":77,"column":4},"end":{"line":79,"column":null}},"34":{"start":{"line":78,"column":6},"end":{"line":78,"column":null}},"35":{"start":{"line":82,"column":8},"end":{"line":96,"column":null}},"36":{"start":{"line":83,"column":4},"end":{"line":83,"column":null}},"37":{"start":{"line":84,"column":4},"end":{"line":95,"column":null}},"38":{"start":{"line":85,"column":22},"end":{"line":89,"column":null}},"39":{"start":{"line":90,"column":6},"end":{"line":94,"column":null}},"40":{"start":{"line":91,"column":8},"end":{"line":91,"column":null}},"41":{"start":{"line":93,"column":8},"end":{"line":93,"column":null}},"42":{"start":{"line":98,"column":2},"end":{"line":137,"column":null}},"43":{"start":{"line":99,"column":4},"end":{"line":135,"column":null}},"44":{"start":{"line":112,"column":31},"end":{"line":112,"column":null}},"45":{"start":{"line":120,"column":31},"end":{"line":120,"column":null}},"46":{"start":{"line":127,"column":31},"end":{"line":127,"column":null}},"47":{"start":{"line":139,"column":2},"end":{"line":191,"column":null}},"48":{"start":{"line":150,"column":10},"end":{"line":155,"column":null}},"49":{"start":{"line":176,"column":27},"end":{"line":176,"column":null}}},"fnMap":{"0":{"name":"App","decl":{"start":{"line":17,"column":9},"end":{"line":17,"column":15}},"loc":{"start":{"line":17,"column":15},"end":{"line":193,"column":null}},"line":17},"1":{"name":"(anonymous_1)","decl":{"start":{"line":28,"column":25},"end":{"line":28,"column":43}},"loc":{"start":{"line":28,"column":43},"end":{"line":30,"column":5}},"line":28},"2":{"name":"(anonymous_2)","decl":{"start":{"line":32,"column":2},"end":{"line":32,"column":18}},"loc":{"start":{"line":32,"column":18},"end":{"line":34,"column":5}},"line":32},"3":{"name":"(anonymous_3)","decl":{"start":{"line":40,"column":33},"end":{"line":40,"column":40}},"loc":{"start":{"line":40,"column":63},"end":{"line":55,"column":5}},"line":40},"4":{"name":"(anonymous_4)","decl":{"start":{"line":43,"column":4},"end":{"line":43,"column":16}},"loc":{"start":{"line":43,"column":24},"end":{"line":43,"column":72}},"line":43},"5":{"name":"(anonymous_5)","decl":{"start":{"line":46,"column":38},"end":{"line":46,"column":42}},"loc":{"start":{"line":46,"column":50},"end":{"line":49,"column":6}},"line":46},"6":{"name":"(anonymous_6)","decl":{"start":{"line":53,"column":4},"end":{"line":53,"column":16}},"loc":{"start":{"line":53,"column":24},"end":{"line":53,"column":75}},"line":53},"7":{"name":"(anonymous_7)","decl":{"start":{"line":57,"column":22},"end":{"line":57,"column":40}},"loc":{"start":{"line":57,"column":40},"end":{"line":60,"column":5}},"line":57},"8":{"name":"(anonymous_8)","decl":{"start":{"line":62,"column":24},"end":{"line":62,"column":37}},"loc":{"start":{"line":62,"column":64},"end":{"line":67,"column":5}},"line":62},"9":{"name":"(anonymous_9)","decl":{"start":{"line":74,"column":2},"end":{"line":74,"column":18}},"loc":{"start":{"line":74,"column":18},"end":{"line":80,"column":5}},"line":74},"10":{"name":"(anonymous_10)","decl":{"start":{"line":82,"column":8},"end":{"line":82,"column":24}},"loc":{"start":{"line":82,"column":47},"end":{"line":96,"column":null}},"line":82},"11":{"name":"(anonymous_11)","decl":{"start":{"line":112,"column":14},"end":{"line":112,"column":25}},"loc":{"start":{"line":112,"column":31},"end":{"line":112,"column":null}},"line":112},"12":{"name":"(anonymous_12)","decl":{"start":{"line":120,"column":14},"end":{"line":120,"column":25}},"loc":{"start":{"line":120,"column":31},"end":{"line":120,"column":null}},"line":120},"13":{"name":"(anonymous_13)","decl":{"start":{"line":127,"column":14},"end":{"line":127,"column":25}},"loc":{"start":{"line":127,"column":31},"end":{"line":127,"column":null}},"line":127},"14":{"name":"(anonymous_14)","decl":{"start":{"line":149,"column":18},"end":{"line":149,"column":23}},"loc":{"start":{"line":150,"column":10},"end":{"line":155,"column":null}},"line":150},"15":{"name":"(anonymous_15)","decl":{"start":{"line":176,"column":10},"end":{"line":176,"column":21}},"loc":{"start":{"line":176,"column":27},"end":{"line":176,"column":null}},"line":176}},"branchMap":{"0":{"loc":{"start":{"line":41,"column":4},"end":{"line":41,"column":null}},"type":"if","locations":[{"start":{"line":41,"column":4},"end":{"line":41,"column":null}},{"start":{},"end":{}}],"line":41},"1":{"loc":{"start":{"line":41,"column":8},"end":{"line":41,"column":41}},"type":"binary-expr","locations":[{"start":{"line":41,"column":8},"end":{"line":41,"column":30}},{"start":{"line":41,"column":30},"end":{"line":41,"column":41}}],"line":41},"2":{"loc":{"start":{"line":47,"column":12},"end":{"line":47,"column":null}},"type":"cond-expr","locations":[{"start":{"line":47,"column":35},"end":{"line":47,"column":45}},{"start":{"line":47,"column":45},"end":{"line":47,"column":null}}],"line":47},"3":{"loc":{"start":{"line":63,"column":4},"end":{"line":66,"column":null}},"type":"if","locations":[{"start":{"line":63,"column":4},"end":{"line":66,"column":null}},{"start":{},"end":{}}],"line":63},"4":{"loc":{"start":{"line":63,"column":8},"end":{"line":63,"column":42}},"type":"binary-expr","locations":[{"start":{"line":63,"column":8},"end":{"line":63,"column":29}},{"start":{"line":63,"column":29},"end":{"line":63,"column":42}}],"line":63},"5":{"loc":{"start":{"line":77,"column":4},"end":{"line":79,"column":null}},"type":"if","locations":[{"start":{"line":77,"column":4},"end":{"line":79,"column":null}},{"start":{},"end":{}}],"line":77},"6":{"loc":{"start":{"line":84,"column":4},"end":{"line":95,"column":null}},"type":"if","locations":[{"start":{"line":84,"column":4},"end":{"line":95,"column":null}},{"start":{},"end":{}}],"line":84},"7":{"loc":{"start":{"line":87,"column":8},"end":{"line":87,"column":null}},"type":"binary-expr","locations":[{"start":{"line":87,"column":8},"end":{"line":87,"column":31}},{"start":{"line":87,"column":31},"end":{"line":87,"column":null}}],"line":87},"8":{"loc":{"start":{"line":88,"column":8},"end":{"line":88,"column":null}},"type":"binary-expr","locations":[{"start":{"line":88,"column":8},"end":{"line":88,"column":33}},{"start":{"line":88,"column":33},"end":{"line":88,"column":null}}],"line":88},"9":{"loc":{"start":{"line":90,"column":6},"end":{"line":94,"column":null}},"type":"if","locations":[{"start":{"line":90,"column":6},"end":{"line":94,"column":null}},{"start":{"line":92,"column":13},"end":{"line":94,"column":null}}],"line":90},"10":{"loc":{"start":{"line":98,"column":2},"end":{"line":137,"column":null}},"type":"if","locations":[{"start":{"line":98,"column":2},"end":{"line":137,"column":null}},{"start":{},"end":{}}],"line":98},"11":{"loc":{"start":{"line":154,"column":34},"end":{"line":154,"column":null}},"type":"binary-expr","locations":[{"start":{"line":154,"column":34},"end":{"line":154,"column":58}},{"start":{"line":154,"column":58},"end":{"line":154,"column":null}}],"line":154},"12":{"loc":{"start":{"line":157,"column":9},"end":{"line":162,"column":null}},"type":"binary-expr","locations":[{"start":{"line":157,"column":9},"end":{"line":157,"column":null}},{"start":{"line":158,"column":10},"end":{"line":162,"column":null}}],"line":157},"13":{"loc":{"start":{"line":185,"column":20},"end":{"line":185,"column":null}},"type":"binary-expr","locations":[{"start":{"line":185,"column":20},"end":{"line":185,"column":37}},{"start":{"line":185,"column":37},"end":{"line":185,"column":null}}],"line":185}},"s":{"0":13,"1":13,"2":13,"3":13,"4":13,"5":9,"6":13,"7":9,"8":13,"9":2,"10":0,"11":2,"12":2,"13":2,"14":2,"15":0,"16":2,"17":2,"18":2,"19":2,"20":13,"21":2,"22":2,"23":13,"24":2,"25":1,"26":1,"27":13,"28":13,"29":13,"30":13,"31":13,"32":5,"33":5,"34":1,"35":13,"36":0,"37":0,"38":0,"39":0,"40":0,"41":0,"42":13,"43":1,"44":0,"45":0,"46":0,"47":12,"48":18,"49":3},"f":{"0":13,"1":9,"2":9,"3":2,"4":2,"5":0,"6":2,"7":2,"8":2,"9":5,"10":0,"11":0,"12":0,"13":0,"14":18,"15":3},"b":{"0":[0,2],"1":[2,2],"2":[0,0],"3":[1,1],"4":[2,2],"5":[1,4],"6":[0,0],"7":[0,0],"8":[0,0],"9":[0,0],"10":[1,12],"11":[18,14],"12":[12,2],"13":[13,3]},"meta":{"lastBranch":14,"lastFunction":16,"lastStatement":50,"seen":{"f:17:9:17:15":0,"s:18:34:20:Infinity":0,"s:21:28:21:Infinity":1,"s:22:36:22:Infinity":2,"s:23:25:23:Infinity":3,"s:28:25:30:Infinity":4,"f:28:25:28:43":1,"s:29:4:29:Infinity":5,"s:32:2:34:Infinity":6,"f:32:2:32:18":2,"s:33:4:33:Infinity":7,"s:40:21:55:Infinity":8,"f:40:33:40:40":3,"b:41:4:41:Infinity:undefined:undefined:undefined:undefined":0,"s:41:4:41:Infinity":9,"b:41:8:41:30:41:30:41:41":1,"s:41:41:41:Infinity":10,"s:43:4:43:Infinity":11,"f:43:4:43:16":4,"s:43:24:43:72":12,"s:44:4:44:Infinity":13,"s:46:20:49:Infinity":14,"f:46:38:46:42":5,"s:46:50:49:6":15,"b:47:35:47:45:47:45:47:Infinity":2,"s:51:25:51:Infinity":16,"s:53:4:53:Infinity":17,"f:53:4:53:16":6,"s:53:24:53:75":18,"s:54:4:54:Infinity":19,"s:57:22:60:Infinity":20,"f:57:22:57:40":7,"s:58:4:58:Infinity":21,"s:59:4:59:Infinity":22,"s:62:24:67:Infinity":23,"f:62:24:62:37":8,"b:63:4:66:Infinity:undefined:undefined:undefined:undefined":3,"s:63:4:66:Infinity":24,"b:63:8:63:29:63:29:63:42":4,"s:64:6:64:Infinity":25,"s:65:6:65:Infinity":26,"s:69:38:69:Infinity":27,"s:70:42:70:Infinity":28,"s:71:46:71:Infinity":29,"s:72:34:72:Infinity":30,"s:74:2:80:Infinity":31,"f:74:2:74:18":9,"s:76:16:76:Infinity":32,"b:77:4:79:Infinity:undefined:undefined:undefined:undefined":5,"s:77:4:79:Infinity":33,"s:78:6:78:Infinity":34,"s:82:8:96:Infinity":35,"f:82:8:82:24":10,"s:83:4:83:Infinity":36,"b:84:4:95:Infinity:undefined:undefined:undefined:undefined":6,"s:84:4:95:Infinity":37,"s:85:22:89:Infinity":38,"b:87:8:87:31:87:31:87:Infinity":7,"b:88:8:88:33:88:33:88:Infinity":8,"b:90:6:94:Infinity:92:13:94:Infinity":9,"s:90:6:94:Infinity":39,"s:91:8:91:Infinity":40,"s:93:8:93:Infinity":41,"b:98:2:137:Infinity:undefined:undefined:undefined:undefined":10,"s:98:2:137:Infinity":42,"s:99:4:135:Infinity":43,"f:112:14:112:25":11,"s:112:31:112:Infinity":44,"f:120:14:120:25":12,"s:120:31:120:Infinity":45,"f:127:14:127:25":13,"s:127:31:127:Infinity":46,"s:139:2:191:Infinity":47,"f:149:18:149:23":14,"s:150:10:155:Infinity":48,"b:154:34:154:58:154:58:154:Infinity":11,"b:157:9:157:Infinity:158:10:162:Infinity":12,"f:176:10:176:21":15,"s:176:27:176:Infinity":49,"b:185:20:185:37:185:37:185:Infinity":13},"fnNames":{}}}
,"C:\\Users\\anupo\\.gemini\\antigravity\\scratch\\fifa-genai-assistant\\src\\geminiService.ts": {"path":"C:\\Users\\anupo\\.gemini\\antigravity\\scratch\\fifa-genai-assistant\\src\\geminiService.ts","statementMap":{"0":{"start":{"line":6,"column":27},"end":{"line":6,"column":null}},"1":{"start":{"line":17,"column":46},"end":{"line":17,"column":null}},"2":{"start":{"line":18,"column":37},"end":{"line":18,"column":null}},"3":{"start":{"line":19,"column":47},"end":{"line":19,"column":null}},"4":{"start":{"line":25,"column":2},"end":{"line":25,"column":null}},"5":{"start":{"line":26,"column":2},"end":{"line":26,"column":null}},"6":{"start":{"line":27,"column":2},"end":{"line":27,"column":null}},"7":{"start":{"line":38,"column":2},"end":{"line":54,"column":null}},"8":{"start":{"line":39,"column":19},"end":{"line":39,"column":null}},"9":{"start":{"line":40,"column":4},"end":{"line":43,"column":null}},"10":{"start":{"line":41,"column":6},"end":{"line":41,"column":null}},"11":{"start":{"line":42,"column":6},"end":{"line":42,"column":null}},"12":{"start":{"line":45,"column":4},"end":{"line":45,"column":null}},"13":{"start":{"line":46,"column":23},"end":{"line":46,"column":null}},"14":{"start":{"line":47,"column":4},"end":{"line":47,"column":null}},"15":{"start":{"line":49,"column":4},"end":{"line":49,"column":null}},"16":{"start":{"line":50,"column":4},"end":{"line":50,"column":null}},"17":{"start":{"line":52,"column":4},"end":{"line":52,"column":null}},"18":{"start":{"line":53,"column":4},"end":{"line":53,"column":null}},"19":{"start":{"line":64,"column":2},"end":{"line":69,"column":null}},"20":{"start":{"line":65,"column":24},"end":{"line":65,"column":null}},"21":{"start":{"line":66,"column":4},"end":{"line":68,"column":null}},"22":{"start":{"line":67,"column":6},"end":{"line":67,"column":null}},"23":{"start":{"line":71,"column":2},"end":{"line":88,"column":null}},"24":{"start":{"line":72,"column":27},"end":{"line":72,"column":null}},"25":{"start":{"line":73,"column":18},"end":{"line":73,"column":null}},"26":{"start":{"line":74,"column":17},"end":{"line":80,"column":null}},"27":{"start":{"line":82,"column":19},"end":{"line":82,"column":null}},"28":{"start":{"line":83,"column":21},"end":{"line":83,"column":null}},"29":{"start":{"line":84,"column":4},"end":{"line":84,"column":null}},"30":{"start":{"line":86,"column":4},"end":{"line":86,"column":null}},"31":{"start":{"line":87,"column":4},"end":{"line":87,"column":null}}},"fnMap":{"0":{"name":"resetGemini","decl":{"start":{"line":24,"column":16},"end":{"line":24,"column":30}},"loc":{"start":{"line":24,"column":30},"end":{"line":28,"column":null}},"line":24},"1":{"name":"initializeGemini","decl":{"start":{"line":37,"column":16},"end":{"line":37,"column":33}},"loc":{"start":{"line":37,"column":101},"end":{"line":55,"column":null}},"line":37},"2":{"name":"generateChatResponse","decl":{"start":{"line":63,"column":22},"end":{"line":63,"column":43}},"loc":{"start":{"line":63,"column":133},"end":{"line":89,"column":null}},"line":63}},"branchMap":{"0":{"loc":{"start":{"line":39,"column":19},"end":{"line":39,"column":null}},"type":"binary-expr","locations":[{"start":{"line":39,"column":19},"end":{"line":39,"column":33}},{"start":{"line":39,"column":33},"end":{"line":39,"column":null}}],"line":39},"1":{"loc":{"start":{"line":40,"column":4},"end":{"line":43,"column":null}},"type":"if","locations":[{"start":{"line":40,"column":4},"end":{"line":43,"column":null}},{"start":{},"end":{}}],"line":40},"2":{"loc":{"start":{"line":45,"column":22},"end":{"line":45,"column":null}},"type":"binary-expr","locations":[{"start":{"line":45,"column":22},"end":{"line":45,"column":35}},{"start":{"line":45,"column":35},"end":{"line":45,"column":72}},{"start":{"line":45,"column":72},"end":{"line":45,"column":null}}],"line":45},"3":{"loc":{"start":{"line":47,"column":20},"end":{"line":47,"column":null}},"type":"binary-expr","locations":[{"start":{"line":47,"column":20},"end":{"line":47,"column":32}},{"start":{"line":47,"column":32},"end":{"line":47,"column":null}}],"line":47},"4":{"loc":{"start":{"line":47,"column":32},"end":{"line":47,"column":null}},"type":"cond-expr","locations":[{"start":{"line":47,"column":45},"end":{"line":47,"column":58}},{"start":{"line":47,"column":58},"end":{"line":47,"column":null}}],"line":47},"5":{"loc":{"start":{"line":64,"column":2},"end":{"line":69,"column":null}},"type":"if","locations":[{"start":{"line":64,"column":2},"end":{"line":69,"column":null}},{"start":{},"end":{}}],"line":64},"6":{"loc":{"start":{"line":66,"column":4},"end":{"line":68,"column":null}},"type":"if","locations":[{"start":{"line":66,"column":4},"end":{"line":68,"column":null}},{"start":{},"end":{}}],"line":66},"7":{"loc":{"start":{"line":72,"column":27},"end":{"line":72,"column":null}},"type":"cond-expr","locations":[{"start":{"line":72,"column":43},"end":{"line":72,"column":72}},{"start":{"line":72,"column":72},"end":{"line":72,"column":null}}],"line":72},"8":{"loc":{"start":{"line":87,"column":56},"end":{"line":87,"column":null}},"type":"binary-expr","locations":[{"start":{"line":87,"column":56},"end":{"line":87,"column":73}},{"start":{"line":87,"column":73},"end":{"line":87,"column":null}}],"line":87}},"s":{"0":1,"1":1,"2":1,"3":1,"4":5,"5":5,"6":5,"7":5,"8":5,"9":5,"10":2,"11":2,"12":3,"13":5,"14":5,"15":5,"16":5,"17":0,"18":0,"19":3,"20":3,"21":3,"22":1,"23":2,"24":2,"25":3,"26":3,"27":3,"28":1,"29":1,"30":1,"31":1},"f":{"0":5,"1":5,"2":3},"b":{"0":[5,5],"1":[2,3],"2":[3,3,3],"3":[5,3],"4":[0,3],"5":[3,0],"6":[1,2],"7":[0,2],"8":[1,0]},"meta":{"lastBranch":9,"lastFunction":3,"lastStatement":32,"seen":{"s:6:27:6:Infinity":0,"s:17:46:17:Infinity":1,"s:18:37:18:Infinity":2,"s:19:47:19:Infinity":3,"f:24:16:24:30":0,"s:25:2:25:Infinity":4,"s:26:2:26:Infinity":5,"s:27:2:27:Infinity":6,"f:37:16:37:33":1,"s:38:2:54:Infinity":7,"s:39:19:39:Infinity":8,"b:39:19:39:33:39:33:39:Infinity":0,"b:40:4:43:Infinity:undefined:undefined:undefined:undefined":1,"s:40:4:43:Infinity":9,"s:41:6:41:Infinity":10,"s:42:6:42:Infinity":11,"s:45:4:45:Infinity":12,"b:45:22:45:35:45:35:45:72:45:72:45:Infinity":2,"s:46:23:46:Infinity":13,"s:47:4:47:Infinity":14,"b:47:20:47:32:47:32:47:Infinity":3,"b:47:45:47:58:47:58:47:Infinity":4,"s:49:4:49:Infinity":15,"s:50:4:50:Infinity":16,"s:52:4:52:Infinity":17,"s:53:4:53:Infinity":18,"f:63:22:63:43":2,"b:64:2:69:Infinity:undefined:undefined:undefined:undefined":5,"s:64:2:69:Infinity":19,"s:65:24:65:Infinity":20,"b:66:4:68:Infinity:undefined:undefined:undefined:undefined":6,"s:66:4:68:Infinity":21,"s:67:6:67:Infinity":22,"s:71:2:88:Infinity":23,"s:72:27:72:Infinity":24,"b:72:43:72:72:72:72:72:Infinity":7,"s:73:18:73:Infinity":25,"s:74:17:80:Infinity":26,"s:82:19:82:Infinity":27,"s:83:21:83:Infinity":28,"s:84:4:84:Infinity":29,"s:86:4:86:Infinity":30,"s:87:4:87:Infinity":31,"b:87:56:87:73:87:73:87:Infinity":8},"fnNames":{}}}
,"C:\\Users\\anupo\\.gemini\\antigravity\\scratch\\fifa-genai-assistant\\src\\components\\MessageBubble.tsx": {"path":"C:\\Users\\anupo\\.gemini\\antigravity\\scratch\\fifa-genai-assistant\\src\\components\\MessageBubble.tsx","statementMap":{"0":{"start":{"line":13,"column":46},"end":{"line":33,"column":null}},"1":{"start":{"line":14,"column":8},"end":{"line":21,"column":null}},"2":{"start":{"line":15,"column":4},"end":{"line":20,"column":null}},"3":{"start":{"line":16,"column":6},"end":{"line":19,"column":null}},"4":{"start":{"line":23,"column":2},"end":{"line":31,"column":null}},"5":{"start":{"line":35,"column":0},"end":{"line":35,"column":null}}},"fnMap":{"0":{"name":"(anonymous_0)","decl":{"start":{"line":13,"column":46},"end":{"line":13,"column":52}},"loc":{"start":{"line":13,"column":96},"end":{"line":33,"column":1}},"line":13},"1":{"name":"(anonymous_1)","decl":{"start":{"line":14,"column":8},"end":{"line":14,"column":32}},"loc":{"start":{"line":14,"column":49},"end":{"line":21,"column":null}},"line":14},"2":{"name":"(anonymous_2)","decl":{"start":{"line":15,"column":28},"end":{"line":15,"column":33}},"loc":{"start":{"line":16,"column":6},"end":{"line":19,"column":null}},"line":16}},"branchMap":{"0":{"loc":{"start":{"line":18,"column":9},"end":{"line":19,"column":null}},"type":"binary-expr","locations":[{"start":{"line":18,"column":9},"end":{"line":18,"column":46}},{"start":{"line":18,"column":46},"end":{"line":19,"column":null}}],"line":18},"1":{"loc":{"start":{"line":27,"column":19},"end":{"line":27,"column":null}},"type":"cond-expr","locations":[{"start":{"line":27,"column":42},"end":{"line":27,"column":53}},{"start":{"line":27,"column":53},"end":{"line":27,"column":null}}],"line":27}},"s":{"0":1,"1":11,"2":11,"3":11,"4":11,"5":1},"f":{"0":11,"1":11,"2":11},"b":{"0":[11,0],"1":[7,4]},"meta":{"lastBranch":2,"lastFunction":3,"lastStatement":6,"seen":{"s:13:46:33:Infinity":0,"f:13:46:13:52":0,"s:14:8:21:Infinity":1,"f:14:8:14:32":1,"s:15:4:20:Infinity":2,"f:15:28:15:33":2,"s:16:6:19:Infinity":3,"b:18:9:18:46:18:46:19:Infinity":0,"s:23:2:31:Infinity":4,"b:27:42:27:53:27:53:27:Infinity":1,"s:35:0:35:Infinity":5},"fnNames":{}}}
,"C:\\Users\\anupo\\.gemini\\antigravity\\scratch\\fifa-genai-assistant\\src\\components\\QuickActions.css": {"path":"C:\\Users\\anupo\\.gemini\\antigravity\\scratch\\fifa-genai-assistant\\src\\components\\QuickActions.css","statementMap":{},"fnMap":{},"branchMap":{},"s":{},"f":{},"b":{},"meta":{"lastBranch":0,"lastFunction":0,"lastStatement":0,"seen":{},"fnNames":{}}}
,"C:\\Users\\anupo\\.gemini\\antigravity\\scratch\\fifa-genai-assistant\\src\\components\\QuickActions.tsx": {"path":"C:\\Users\\anupo\\.gemini\\antigravity\\scratch\\fifa-genai-assistant\\src\\components\\QuickActions.tsx","statementMap":{"0":{"start":{"line":9,"column":16},"end":{"line":14,"column":null}},"1":{"start":{"line":19,"column":50},"end":{"line":35,"column":null}},"2":{"start":{"line":20,"column":2},"end":{"line":33,"column":null}},"3":{"start":{"line":23,"column":8},"end":{"line":31,"column":null}},"4":{"start":{"line":26,"column":25},"end":{"line":26,"column":null}},"5":{"start":{"line":37,"column":0},"end":{"line":37,"column":null}}},"fnMap":{"0":{"name":"(anonymous_0)","decl":{"start":{"line":19,"column":50},"end":{"line":19,"column":56}},"loc":{"start":{"line":19,"column":89},"end":{"line":35,"column":1}},"line":19},"1":{"name":"(anonymous_1)","decl":{"start":{"line":22,"column":15},"end":{"line":22,"column":20}},"loc":{"start":{"line":23,"column":8},"end":{"line":31,"column":null}},"line":23},"2":{"name":"(anonymous_2)","decl":{"start":{"line":26,"column":10},"end":{"line":26,"column":25}},"loc":{"start":{"line":26,"column":25},"end":{"line":26,"column":null}},"line":26}},"branchMap":{},"s":{"0":2,"1":2,"2":12,"3":48,"4":1,"5":2},"f":{"0":12,"1":48,"2":1},"b":{},"meta":{"lastBranch":0,"lastFunction":3,"lastStatement":6,"seen":{"s:9:16:14:Infinity":0,"s:19:50:35:Infinity":1,"f:19:50:19:56":0,"s:20:2:33:Infinity":2,"f:22:15:22:20":1,"s:23:8:31:Infinity":3,"f:26:10:26:25":2,"s:26:25:26:Infinity":4,"s:37:0:37:Infinity":5},"fnNames":{}}}
}
